<?xml version="1.0" encoding="UTF-8"?>
<!-- Generated by org.testng.reporters.JUnitReportReporter -->
<testsuite skipped="0" hostname="DESKTOP-1OA425B" name="TestNGSessions.TestNgWithSeleniumCase1" tests="3" failures="0" timestamp="23 Apr 2020 17:03:56 GMT" time="0.126" errors="0">
  <testcase name="titleTest" time="0.020" classname="TestNGSessions.TestNgWithSeleniumCase1"/>
  <testcase name="urlCheck" time="0.014" classname="TestNGSessions.TestNgWithSeleniumCase1"/>
  <testcase name="searchTest" time="0.092" classname="TestNGSessions.TestNgWithSeleniumCase1"/>
</testsuite> <!-- TestNGSessions.TestNgWithSeleniumCase1 -->
