<?xml version="1.0" encoding="UTF-8"?>
<!-- Generated by org.testng.reporters.JUnitReportReporter -->
<testsuite skipped="0" hostname="DESKTOP-1OA425B" name="TestNGSessions.ExpectedExceptionConcept" tests="1" failures="0" timestamp="23 Apr 2020 18:39:46 GMT" time="0.031" errors="0">
  <testcase name="test1" time="0.031" classname="TestNGSessions.ExpectedExceptionConcept"/>
</testsuite> <!-- TestNGSessions.ExpectedExceptionConcept -->
