<?xml version="1.0" encoding="UTF-8"?>
<!-- Generated by org.testng.reporters.JUnitReportReporter -->
<testsuite skipped="0" hostname="DESKTOP-1OA425B" name="TestNGSessions.ContactsTest" tests="2" failures="0" timestamp="23 Apr 2020 20:10:28 GMT" time="0.009" errors="0">
  <testcase name="createContactTest" time="0.006" classname="TestNGSessions.ContactsTest"/>
  <testcase name="createContactTest" time="0.003" classname="TestNGSessions.ContactsTest"/>
</testsuite> <!-- TestNGSessions.ContactsTest -->
