<?xml version="1.0" encoding="UTF-8"?>
<!-- Generated by org.testng.reporters.JUnitReportReporter -->
<testsuite skipped="0" hostname="DESKTOP-1OA425B" name="TestNGSessions.TestNgAnnotations" tests="2" failures="0" timestamp="23 Apr 2020 16:45:20 GMT" time="0.025" errors="0">
  <testcase name="test2" time="0.011" classname="TestNGSessions.TestNgAnnotations"/>
  <testcase name="test1" time="0.014" classname="TestNGSessions.TestNgAnnotations"/>
</testsuite> <!-- TestNGSessions.TestNgAnnotations -->
