<?xml version="1.0" encoding="UTF-8"?>
<!-- Generated by org.testng.reporters.JUnitReportReporter -->
<testsuite skipped="0" hostname="DESKTOP-1OA425B" name="TestNGSessions.HomeTest" tests="2" failures="0" timestamp="23 Apr 2020 20:10:28 GMT" time="0.007" errors="0">
  <testcase name="header" time="0.005" classname="TestNGSessions.HomeTest"/>
  <testcase name="header" time="0.002" classname="TestNGSessions.HomeTest"/>
</testsuite> <!-- TestNGSessions.HomeTest -->
